{
  "RSpec": {
    "coverage": {
      "/Users/bannastre/Google Drive/projects/makers/tech_tests/bank/spec/account_spec.rb": [
        1,
        null,
        1,
        null,
        5,
        5,
        null,
        1,
        1,
        null,
        null,
        1,
        4,
        null,
        null,
        1,
        4,
        null,
        null,
        1,
        4,
        4,
        4,
        null,
        null,
        1,
        1,
        null,
        null
      ],
      "/Users/bannastre/Google Drive/projects/makers/tech_tests/bank/lib/account.rb": [
        1,
        null,
        null,
        1,
        1,
        null,
        1,
        null,
        1,
        4,
        null,
        null,
        1,
        4,
        null,
        null,
        1,
        9,
        null,
        null,
        1,
        5,
        null,
        null,
        1,
        1,
        1,
        1,
        3,
        2,
        2,
        null,
        1,
        1,
        null,
        null,
        1,
        null,
        null
      ],
      "/Users/bannastre/Google Drive/projects/makers/tech_tests/bank/lib/transactions.rb": [
        null,
        1,
        1,
        null,
        1,
        6,
        null,
        null,
        1,
        15,
        null,
        null
      ],
      "/Users/bannastre/Google Drive/projects/makers/tech_tests/bank/spec/transactions_spec.rb": [
        1,
        null,
        1,
        null,
        3,
        1,
        null,
        1,
        1,
        null,
        null,
        1,
        1,
        null,
        null
      ]
    },
    "timestamp": 1499777282
  }
}
